<?xml version="1.0" encoding="UTF-8"?>
<!-- Generated by org.testng.reporters.JUnitReportReporter -->
<testsuite hostname="khadija" failures="0" tests="1" name="Runners.MyRunner" time="11.670" errors="0" timestamp="2024-01-19T22:56:52 IST" skipped="0">
  <testcase classname="Runners.MyRunner" name="runScenario" time="11.670"/>
  <system-out/>
</testsuite> <!-- Runners.MyRunner -->
